
*** Running vivado
    with args -log top_module.vds -m64 -product Vivado -mode batch -messageDb vivado.pb -notrace -source top_module.tcl



****** Vivado v2024.1 (64-bit)
  **** SW Build 5076996 on Wed May 22 18:37:14 MDT 2024
  **** IP Build 5075265 on Wed May 22 21:45:21 MDT 2024
  **** SharedData Build 5076995 on Wed May 22 18:29:18 MDT 2024
  **** Start of session at: Mon Dec  9 17:03:40 2024
    ** Copyright 1986-2022 Xilinx, Inc. All Rights Reserved.
    ** Copyright 2022-2024 Advanced Micro Devices, Inc. All Rights Reserved.

source top_module.tcl -notrace
Command: read_checkpoint -auto_incremental -incremental X:/Desktop/morse_code_translator/Morse_Code_Decoder/Morse_Code_Decoder.srcs/utils_1/imports/synth_1/top_module.dcp
INFO: [Vivado 12-5825] Read reference checkpoint from X:/Desktop/morse_code_translator/Morse_Code_Decoder/Morse_Code_Decoder.srcs/utils_1/imports/synth_1/top_module.dcp for incremental synthesis
INFO: [Vivado 12-7989] Please ensure there are no constraint changes
Command: synth_design -top top_module -part xc7a100tcsg324-1
Starting synth_design
Attempting to get a license for feature 'Synthesis' and/or device 'xc7a100t'
INFO: [Common 17-349] Got license for feature 'Synthesis' and/or device 'xc7a100t'
INFO: [Device 21-403] Loading part xc7a100tcsg324-1
INFO: [Device 21-9227] Part: xc7a100tcsg324-1 does not have CEAM library.
INFO: [Designutils 20-5440] No compile time benefit to using incremental synthesis; A full resynthesis will be run
INFO: [Designutils 20-4379] Flow is switching to default flow due to incremental criteria not met. If you would like to alter this behaviour and have the flow terminate instead, please set the following parameter config_implementation {autoIncr.Synth.RejectBehavior Terminate}
INFO: [Synth 8-7079] Multithreading enabled for synth_design using a maximum of 2 processes.
INFO: [Synth 8-7078] Launching helper process for spawning children vivado processes
INFO: [Synth 8-7075] Helper process launched with PID 16404
---------------------------------------------------------------------------------
Starting RTL Elaboration : Time (s): cpu = 00:00:03 ; elapsed = 00:00:03 . Memory (MB): peak = 1499.879 ; gain = 448.281
---------------------------------------------------------------------------------
INFO: [Synth 8-6157] synthesizing module 'top_module' [X:/Desktop/morse_code_translator/Morse_Code_Decoder/Morse_Code_Decoder.srcs/sources_1/new/top_module.v:23]
INFO: [Synth 8-6157] synthesizing module 'clock_divider' [X:/Desktop/morse_code_translator/Morse_Code_Decoder/Morse_Code_Decoder.srcs/sources_1/new/clock_div.v:23]
INFO: [Synth 8-6155] done synthesizing module 'clock_divider' (0#1) [X:/Desktop/morse_code_translator/Morse_Code_Decoder/Morse_Code_Decoder.srcs/sources_1/new/clock_div.v:23]
INFO: [Synth 8-6157] synthesizing module 'debouncer' [X:/Desktop/morse_code_translator/Morse_Code_Decoder/Morse_Code_Decoder.srcs/sources_1/new/debouncer.v:23]
INFO: [Synth 8-6155] done synthesizing module 'debouncer' (0#1) [X:/Desktop/morse_code_translator/Morse_Code_Decoder/Morse_Code_Decoder.srcs/sources_1/new/debouncer.v:23]
INFO: [Synth 8-6157] synthesizing module 'button_to_morse' [X:/Desktop/morse_code_translator/Morse_Code_Decoder/Morse_Code_Decoder.srcs/sources_1/new/button_to_morse.v:23]
INFO: [Synth 8-6155] done synthesizing module 'button_to_morse' (0#1) [X:/Desktop/morse_code_translator/Morse_Code_Decoder/Morse_Code_Decoder.srcs/sources_1/new/button_to_morse.v:23]
INFO: [Synth 8-6157] synthesizing module 'morse_decoder' [X:/Desktop/morse_code_translator/Morse_Code_Decoder/Morse_Code_Decoder.srcs/sources_1/new/morse_decoder.v:22]
INFO: [Synth 8-6155] done synthesizing module 'morse_decoder' (0#1) [X:/Desktop/morse_code_translator/Morse_Code_Decoder/Morse_Code_Decoder.srcs/sources_1/new/morse_decoder.v:22]
INFO: [Synth 8-6157] synthesizing module 'seven_seg_disp' [X:/Desktop/morse_code_translator/Morse_Code_Decoder/Morse_Code_Decoder.srcs/sources_1/new/seven_seg_disp.v:23]
INFO: [Synth 8-6155] done synthesizing module 'seven_seg_disp' (0#1) [X:/Desktop/morse_code_translator/Morse_Code_Decoder/Morse_Code_Decoder.srcs/sources_1/new/seven_seg_disp.v:23]
INFO: [Synth 8-6155] done synthesizing module 'top_module' (0#1) [X:/Desktop/morse_code_translator/Morse_Code_Decoder/Morse_Code_Decoder.srcs/sources_1/new/top_module.v:23]
WARNING: [Synth 8-6014] Unused sequential element latched_morse_reg[4] was removed.  [X:/Desktop/morse_code_translator/Morse_Code_Decoder/Morse_Code_Decoder.srcs/sources_1/new/button_to_morse.v:60]
WARNING: [Synth 8-7137] Register current_display_out_reg in module seven_seg_disp has both Set and reset with same priority. This may cause simulation mismatches. Consider rewriting code  [X:/Desktop/morse_code_translator/Morse_Code_Decoder/Morse_Code_Decoder.srcs/sources_1/new/seven_seg_disp.v:117]
WARNING: [Synth 8-7137] Register seg_out_reg in module seven_seg_disp has both Set and reset with same priority. This may cause simulation mismatches. Consider rewriting code  [X:/Desktop/morse_code_translator/Morse_Code_Decoder/Morse_Code_Decoder.srcs/sources_1/new/seven_seg_disp.v:118]
WARNING: [Synth 8-3848] Net quarter_sec_unit in module/entity top_module does not have driver. [X:/Desktop/morse_code_translator/Morse_Code_Decoder/Morse_Code_Decoder.srcs/sources_1/new/top_module.v:40]
WARNING: [Synth 8-3848] Net half_sec_unit in module/entity top_module does not have driver. [X:/Desktop/morse_code_translator/Morse_Code_Decoder/Morse_Code_Decoder.srcs/sources_1/new/top_module.v:41]
WARNING: [Synth 8-3848] Net tenth_sec_unit in module/entity top_module does not have driver. [X:/Desktop/morse_code_translator/Morse_Code_Decoder/Morse_Code_Decoder.srcs/sources_1/new/top_module.v:42]
---------------------------------------------------------------------------------
Finished RTL Elaboration : Time (s): cpu = 00:00:04 ; elapsed = 00:00:05 . Memory (MB): peak = 1614.113 ; gain = 562.516
---------------------------------------------------------------------------------
---------------------------------------------------------------------------------
Start Handling Custom Attributes
---------------------------------------------------------------------------------
---------------------------------------------------------------------------------
Finished Handling Custom Attributes : Time (s): cpu = 00:00:04 ; elapsed = 00:00:05 . Memory (MB): peak = 1614.113 ; gain = 562.516
---------------------------------------------------------------------------------
---------------------------------------------------------------------------------
Finished RTL Optimization Phase 1 : Time (s): cpu = 00:00:04 ; elapsed = 00:00:05 . Memory (MB): peak = 1614.113 ; gain = 562.516
---------------------------------------------------------------------------------
Netlist sorting complete. Time (s): cpu = 00:00:00 ; elapsed = 00:00:00.007 . Memory (MB): peak = 1614.113 ; gain = 0.000
INFO: [Project 1-570] Preparing netlist for logic optimization

Processing XDC Constraints
Initializing timing engine
Parsing XDC File [X:/Nexys4DDR_Master.xdc]
WARNING: [Vivado 12-584] No ports matched 'half_sec_unit'. [X:/Nexys4DDR_Master.xdc:26]
CRITICAL WARNING: [Common 17-55] 'set_property' expects at least one object. [X:/Nexys4DDR_Master.xdc:26]
Resolution: If [get_<value>] was used to populate the object, check to make sure this command returns at least one valid object.
WARNING: [Vivado 12-584] No ports matched 'quarter_sec_unit'. [X:/Nexys4DDR_Master.xdc:27]
CRITICAL WARNING: [Common 17-55] 'set_property' expects at least one object. [X:/Nexys4DDR_Master.xdc:27]
Resolution: If [get_<value>] was used to populate the object, check to make sure this command returns at least one valid object.
WARNING: [Vivado 12-584] No ports matched 'tenth_sec_unit'. [X:/Nexys4DDR_Master.xdc:28]
CRITICAL WARNING: [Common 17-55] 'set_property' expects at least one object. [X:/Nexys4DDR_Master.xdc:28]
Resolution: If [get_<value>] was used to populate the object, check to make sure this command returns at least one valid object.
Finished Parsing XDC File [X:/Nexys4DDR_Master.xdc]
INFO: [Project 1-236] Implementation specific constraints were found while reading constraint file [X:/Nexys4DDR_Master.xdc]. These constraints will be ignored for synthesis but will be used in implementation. Impacted constraints are listed in the file [.Xil/top_module_propImpl.xdc].
Resolution: To avoid this warning, move constraints listed in [.Xil/top_module_propImpl.xdc] to another XDC file and exclude this new file from synthesis with the used_in_synthesis property (File Properties dialog in GUI) and re-run elaboration/synthesis.
Completed Processing XDC Constraints

Netlist sorting complete. Time (s): cpu = 00:00:00 ; elapsed = 00:00:00 . Memory (MB): peak = 1694.312 ; gain = 0.000
INFO: [Project 1-111] Unisim Transformation Summary:
No Unisim elements were transformed.

Constraint Validation Runtime : Time (s): cpu = 00:00:00 ; elapsed = 00:00:00.009 . Memory (MB): peak = 1694.312 ; gain = 0.000
INFO: [Designutils 20-5440] No compile time benefit to using incremental synthesis; A full resynthesis will be run
INFO: [Designutils 20-4379] Flow is switching to default flow due to incremental criteria not met. If you would like to alter this behaviour and have the flow terminate instead, please set the following parameter config_implementation {autoIncr.Synth.RejectBehavior Terminate}
---------------------------------------------------------------------------------
Finished Constraint Validation : Time (s): cpu = 00:00:09 ; elapsed = 00:00:11 . Memory (MB): peak = 1694.312 ; gain = 642.715
---------------------------------------------------------------------------------
---------------------------------------------------------------------------------
Start Loading Part and Timing Information
---------------------------------------------------------------------------------
Loading part: xc7a100tcsg324-1
---------------------------------------------------------------------------------
Finished Loading Part and Timing Information : Time (s): cpu = 00:00:09 ; elapsed = 00:00:11 . Memory (MB): peak = 1694.312 ; gain = 642.715
---------------------------------------------------------------------------------
---------------------------------------------------------------------------------
Start Applying 'set_property' XDC Constraints
---------------------------------------------------------------------------------
---------------------------------------------------------------------------------
Finished applying 'set_property' XDC Constraints : Time (s): cpu = 00:00:09 ; elapsed = 00:00:11 . Memory (MB): peak = 1694.312 ; gain = 642.715
---------------------------------------------------------------------------------
WARNING: [Synth 8-327] inferring latch for variable 'last_valid_char_reg' [X:/Desktop/morse_code_translator/Morse_Code_Decoder/Morse_Code_Decoder.srcs/sources_1/new/morse_decoder.v:43]
---------------------------------------------------------------------------------
Finished RTL Optimization Phase 2 : Time (s): cpu = 00:00:09 ; elapsed = 00:00:12 . Memory (MB): peak = 1694.312 ; gain = 642.715
---------------------------------------------------------------------------------
---------------------------------------------------------------------------------
Start RTL Component Statistics 
---------------------------------------------------------------------------------
Detailed RTL Component Info : 
+---Adders : 
	   2 Input   32 Bit       Adders := 1     
	   2 Input   27 Bit       Adders := 1     
	   2 Input    3 Bit       Adders := 2     
+---Registers : 
	               32 Bit    Registers := 1     
	                8 Bit    Registers := 2     
	                7 Bit    Registers := 9     
	                3 Bit    Registers := 2     
	                2 Bit    Registers := 9     
	                1 Bit    Registers := 7     
+---Muxes : 
	   2 Input   27 Bit        Muxes := 2     
	   2 Input   26 Bit        Muxes := 1     
	   3 Input    8 Bit        Muxes := 1     
	   2 Input    8 Bit        Muxes := 2     
	   8 Input    8 Bit        Muxes := 1     
	   3 Input    7 Bit        Muxes := 1     
	   2 Input    7 Bit        Muxes := 2     
	   3 Input    6 Bit        Muxes := 1     
	   2 Input    6 Bit        Muxes := 1     
	   2 Input    3 Bit        Muxes := 2     
	  13 Input    2 Bit        Muxes := 4     
	   6 Input    2 Bit        Muxes := 4     
	   2 Input    1 Bit        Muxes := 9     
	   6 Input    1 Bit        Muxes := 4     
	   3 Input    1 Bit        Muxes := 1     
---------------------------------------------------------------------------------
Finished RTL Component Statistics 
---------------------------------------------------------------------------------
---------------------------------------------------------------------------------
Start Part Resource Summary
---------------------------------------------------------------------------------
Part Resources:
DSPs: 240 (col length:80)
BRAMs: 270 (col length: RAMB18 80 RAMB36 40)
---------------------------------------------------------------------------------
Finished Part Resource Summary
---------------------------------------------------------------------------------
---------------------------------------------------------------------------------
Start Cross Boundary and Area Optimization
---------------------------------------------------------------------------------
WARNING: [Synth 8-7080] Parallel synthesis criteria is not met
WARNING: [Synth 8-3332] Sequential element (m2/last_valid_char_reg[7]) is unused and will be removed from module top_module.
---------------------------------------------------------------------------------
Finished Cross Boundary and Area Optimization : Time (s): cpu = 00:00:11 ; elapsed = 00:00:15 . Memory (MB): peak = 1694.312 ; gain = 642.715
---------------------------------------------------------------------------------
---------------------------------------------------------------------------------
Start ROM, RAM, DSP, Shift Register and Retiming Reporting
---------------------------------------------------------------------------------

ROM: Preliminary Mapping Report
+---------------+------------+---------------+----------------+
|Module Name    | RTL Object | Depth x Width | Implemented As | 
+---------------+------------+---------------+----------------+
|seven_seg_disp | seg        | 128x7         | LUT            | 
|seven_seg_disp | seg        | 128x7         | LUT            | 
+---------------+------------+---------------+----------------+

---------------------------------------------------------------------------------
Finished ROM, RAM, DSP, Shift Register and Retiming Reporting
---------------------------------------------------------------------------------
---------------------------------------------------------------------------------
Start Applying XDC Timing Constraints
---------------------------------------------------------------------------------
---------------------------------------------------------------------------------
Finished Applying XDC Timing Constraints : Time (s): cpu = 00:00:15 ; elapsed = 00:00:19 . Memory (MB): peak = 1694.312 ; gain = 642.715
---------------------------------------------------------------------------------
---------------------------------------------------------------------------------
Start Timing Optimization
---------------------------------------------------------------------------------
---------------------------------------------------------------------------------
Finished Timing Optimization : Time (s): cpu = 00:00:15 ; elapsed = 00:00:19 . Memory (MB): peak = 1694.312 ; gain = 642.715
---------------------------------------------------------------------------------
---------------------------------------------------------------------------------
Start Technology Mapping
---------------------------------------------------------------------------------
---------------------------------------------------------------------------------
Finished Technology Mapping : Time (s): cpu = 00:00:15 ; elapsed = 00:00:19 . Memory (MB): peak = 1694.312 ; gain = 642.715
---------------------------------------------------------------------------------
---------------------------------------------------------------------------------
Start IO Insertion
---------------------------------------------------------------------------------
---------------------------------------------------------------------------------
Start Flattening Before IO Insertion
---------------------------------------------------------------------------------
---------------------------------------------------------------------------------
Finished Flattening Before IO Insertion
---------------------------------------------------------------------------------
---------------------------------------------------------------------------------
Start Final Netlist Cleanup
---------------------------------------------------------------------------------
---------------------------------------------------------------------------------
Finished Final Netlist Cleanup
---------------------------------------------------------------------------------
---------------------------------------------------------------------------------
Finished IO Insertion : Time (s): cpu = 00:00:18 ; elapsed = 00:00:22 . Memory (MB): peak = 1694.312 ; gain = 642.715
---------------------------------------------------------------------------------
---------------------------------------------------------------------------------
Start Renaming Generated Instances
---------------------------------------------------------------------------------
---------------------------------------------------------------------------------
Finished Renaming Generated Instances : Time (s): cpu = 00:00:18 ; elapsed = 00:00:22 . Memory (MB): peak = 1694.312 ; gain = 642.715
---------------------------------------------------------------------------------
---------------------------------------------------------------------------------
Start Rebuilding User Hierarchy
---------------------------------------------------------------------------------
---------------------------------------------------------------------------------
Finished Rebuilding User Hierarchy : Time (s): cpu = 00:00:18 ; elapsed = 00:00:22 . Memory (MB): peak = 1694.312 ; gain = 642.715
---------------------------------------------------------------------------------
---------------------------------------------------------------------------------
Start Renaming Generated Ports
---------------------------------------------------------------------------------
---------------------------------------------------------------------------------
Finished Renaming Generated Ports : Time (s): cpu = 00:00:18 ; elapsed = 00:00:22 . Memory (MB): peak = 1694.312 ; gain = 642.715
---------------------------------------------------------------------------------
---------------------------------------------------------------------------------
Start Handling Custom Attributes
---------------------------------------------------------------------------------
---------------------------------------------------------------------------------
Finished Handling Custom Attributes : Time (s): cpu = 00:00:18 ; elapsed = 00:00:22 . Memory (MB): peak = 1694.312 ; gain = 642.715
---------------------------------------------------------------------------------
---------------------------------------------------------------------------------
Start Renaming Generated Nets
---------------------------------------------------------------------------------
---------------------------------------------------------------------------------
Finished Renaming Generated Nets : Time (s): cpu = 00:00:18 ; elapsed = 00:00:22 . Memory (MB): peak = 1694.312 ; gain = 642.715
---------------------------------------------------------------------------------
---------------------------------------------------------------------------------
Start Writing Synthesis Report
---------------------------------------------------------------------------------

Report BlackBoxes: 
+-+--------------+----------+
| |BlackBox name |Instances |
+-+--------------+----------+
+-+--------------+----------+

Report Cell Usage: 
+------+-------+------+
|      |Cell   |Count |
+------+-------+------+
|1     |BUFG   |     2|
|2     |CARRY4 |    40|
|3     |LUT1   |     4|
|4     |LUT2   |   150|
|5     |LUT3   |    20|
|6     |LUT4   |    44|
|7     |LUT5   |    22|
|8     |LUT6   |    68|
|9     |MUXF7  |    14|
|10    |FDCE   |   155|
|11    |FDPE   |    64|
|12    |FDRE   |    29|
|13    |FDSE   |     8|
|14    |LD     |     7|
|15    |IBUF   |     3|
|16    |OBUF   |    27|
+------+-------+------+
---------------------------------------------------------------------------------
Finished Writing Synthesis Report : Time (s): cpu = 00:00:18 ; elapsed = 00:00:22 . Memory (MB): peak = 1694.312 ; gain = 642.715
---------------------------------------------------------------------------------
Synthesis finished with 0 errors, 0 critical warnings and 3 warnings.
Synthesis Optimization Runtime : Time (s): cpu = 00:00:13 ; elapsed = 00:00:21 . Memory (MB): peak = 1694.312 ; gain = 562.516
Synthesis Optimization Complete : Time (s): cpu = 00:00:18 ; elapsed = 00:00:22 . Memory (MB): peak = 1694.312 ; gain = 642.715
INFO: [Project 1-571] Translating synthesized netlist
Netlist sorting complete. Time (s): cpu = 00:00:00 ; elapsed = 00:00:00.007 . Memory (MB): peak = 1694.312 ; gain = 0.000
INFO: [Netlist 29-17] Analyzing 61 Unisim elements for replacement
INFO: [Netlist 29-28] Unisim Transformation completed in 0 CPU seconds
INFO: [Project 1-570] Preparing netlist for logic optimization
INFO: [Opt 31-138] Pushed 0 inverter(s) to 0 load pin(s).
Netlist sorting complete. Time (s): cpu = 00:00:00 ; elapsed = 00:00:00 . Memory (MB): peak = 1694.312 ; gain = 0.000
INFO: [Project 1-111] Unisim Transformation Summary:
  A total of 7 instances were transformed.
  LD => LDCE: 7 instances

Synth Design complete | Checksum: 40e5ed21
INFO: [Common 17-83] Releasing license: Synthesis
34 Infos, 12 Warnings, 3 Critical Warnings and 0 Errors encountered.
synth_design completed successfully
synth_design: Time (s): cpu = 00:00:21 ; elapsed = 00:00:26 . Memory (MB): peak = 1694.312 ; gain = 1060.223
INFO: [runtcl-6] Synthesis results are not added to the cache due to CRITICAL_WARNING
Write ShapeDB Complete: Time (s): cpu = 00:00:00 ; elapsed = 00:00:00.014 . Memory (MB): peak = 1694.312 ; gain = 0.000
INFO: [Common 17-1381] The checkpoint 'X:/Desktop/morse_code_translator/Morse_Code_Decoder/Morse_Code_Decoder.runs/synth_1/top_module.dcp' has been generated.
INFO: [Vivado 12-24828] Executing command : report_utilization -file top_module_utilization_synth.rpt -pb top_module_utilization_synth.pb
INFO: [Common 17-206] Exiting Vivado at Mon Dec  9 17:04:16 2024...
