
*** Running vivado
    with args -log top_module.vdi -applog -m64 -product Vivado -messageDb vivado.pb -mode batch -source top_module.tcl -notrace



****** Vivado v2024.1 (64-bit)
  **** SW Build 5076996 on Wed May 22 18:37:14 MDT 2024
  **** IP Build 5075265 on Wed May 22 21:45:21 MDT 2024
  **** SharedData Build 5076995 on Wed May 22 18:29:18 MDT 2024
  **** Start of session at: Sat Dec  7 18:36:34 2024
    ** Copyright 1986-2022 Xilinx, Inc. All Rights Reserved.
    ** Copyright 2022-2024 Advanced Micro Devices, Inc. All Rights Reserved.

source top_module.tcl -notrace
Command: link_design -top top_module -part xc7a100tcsg324-1
Design is defaulting to srcset: sources_1
Design is defaulting to constrset: constrs_1
INFO: [Device 21-403] Loading part xc7a100tcsg324-1
INFO: [Device 21-9227] Part: xc7a100tcsg324-1 does not have CEAM library.
Netlist sorting complete. Time (s): cpu = 00:00:00 ; elapsed = 00:00:00.003 . Memory (MB): peak = 1053.078 ; gain = 0.000
INFO: [Netlist 29-17] Analyzing 29 Unisim elements for replacement
INFO: [Netlist 29-28] Unisim Transformation completed in 0 CPU seconds
INFO: [Project 1-479] Netlist was created with Vivado 2024.1
INFO: [Project 1-570] Preparing netlist for logic optimization
Parsing XDC File [X:/Nexys4DDR_Master.xdc]
Finished Parsing XDC File [X:/Nexys4DDR_Master.xdc]
INFO: [Opt 31-138] Pushed 0 inverter(s) to 0 load pin(s).
Netlist sorting complete. Time (s): cpu = 00:00:00 ; elapsed = 00:00:00 . Memory (MB): peak = 1174.793 ; gain = 0.000
INFO: [Project 1-111] Unisim Transformation Summary:
No Unisim elements were transformed.

8 Infos, 0 Warnings, 0 Critical Warnings and 0 Errors encountered.
link_design completed successfully
Command: opt_design
Attempting to get a license for feature 'Implementation' and/or device 'xc7a100t'
INFO: [Common 17-349] Got license for feature 'Implementation' and/or device 'xc7a100t'
Running DRC as a precondition to command opt_design

Starting DRC Task
INFO: [DRC 23-27] Running DRC with 2 threads
ERROR: [DRC MDRV-1] Multiple Driver Nets: Net b2/Q[0] has multiple drivers: b2/inactivity_counter_reg[0]/Q, and b2/inactivity_counter_reg[0]__0/Q.
ERROR: [DRC MDRV-1] Multiple Driver Nets: Net b2/UNCONN_OUT[0] has multiple drivers: b2/morse_index_reg[0]__0/Q, and b2/morse_index_reg[0]/Q.
ERROR: [DRC MDRV-1] Multiple Driver Nets: Net b2/UNCONN_OUT[1] has multiple drivers: b2/morse_index_reg[1]__0/Q, and b2/morse_index_reg[1]/Q.
ERROR: [DRC MDRV-1] Multiple Driver Nets: Net b2/UNCONN_OUT[2] has multiple drivers: b2/morse_index_reg[2]/Q, and b2/morse_index_reg[2]__0/Q.
ERROR: [DRC MDRV-1] Multiple Driver Nets: Net b2/UNCONN_OUT_0[0] has multiple drivers: b2/morse_three_reg[0]__0/Q, and b2/morse_three_reg[0]/Q.
ERROR: [DRC MDRV-1] Multiple Driver Nets: Net b2/UNCONN_OUT_0[1] has multiple drivers: b2/morse_three_reg[1]__0/Q, and b2/morse_three_reg[1]/Q.
ERROR: [DRC MDRV-1] Multiple Driver Nets: Net b2/UNCONN_OUT_1[0] has multiple drivers: b2/morse_two_reg[0]__0/Q, and b2/morse_two_reg[0]/Q.
ERROR: [DRC MDRV-1] Multiple Driver Nets: Net b2/UNCONN_OUT_1[1] has multiple drivers: b2/morse_two_reg[1]/Q, and b2/morse_two_reg[1]__0/Q.
ERROR: [DRC MDRV-1] Multiple Driver Nets: Net b2/UNCONN_OUT_2[0] has multiple drivers: b2/morse_four_reg[0]__0/Q, and b2/morse_four_reg[0]/Q.
ERROR: [DRC MDRV-1] Multiple Driver Nets: Net b2/UNCONN_OUT_2[1] has multiple drivers: b2/morse_four_reg[1]__0/Q, and b2/morse_four_reg[1]/Q.
ERROR: [DRC MDRV-1] Multiple Driver Nets: Net b2/UNCONN_OUT_3[0] has multiple drivers: b2/morse_five_reg[0]/Q, and b2/morse_five_reg[0]__0/Q.
ERROR: [DRC MDRV-1] Multiple Driver Nets: Net b2/UNCONN_OUT_3[1] has multiple drivers: b2/morse_five_reg[1]/Q, and b2/morse_five_reg[1]__0/Q.
ERROR: [DRC MDRV-1] Multiple Driver Nets: Net b2/inactivity_counter[10] has multiple drivers: b2/inactivity_counter_reg[10]__0/Q, and b2/inactivity_counter_reg[10]/Q.
ERROR: [DRC MDRV-1] Multiple Driver Nets: Net b2/inactivity_counter[11] has multiple drivers: b2/inactivity_counter_reg[11]/Q, and b2/inactivity_counter_reg[11]__0/Q.
ERROR: [DRC MDRV-1] Multiple Driver Nets: Net b2/inactivity_counter[12] has multiple drivers: b2/inactivity_counter_reg[12]/Q, and b2/inactivity_counter_reg[12]__0/Q.
ERROR: [DRC MDRV-1] Multiple Driver Nets: Net b2/inactivity_counter[13] has multiple drivers: b2/inactivity_counter_reg[13]__0/Q, and b2/inactivity_counter_reg[13]/Q.
ERROR: [DRC MDRV-1] Multiple Driver Nets: Net b2/inactivity_counter[14] has multiple drivers: b2/inactivity_counter_reg[14]/Q, and b2/inactivity_counter_reg[14]__0/Q.
ERROR: [DRC MDRV-1] Multiple Driver Nets: Net b2/inactivity_counter[15] has multiple drivers: b2/inactivity_counter_reg[15]/Q, and b2/inactivity_counter_reg[15]__0/Q.
ERROR: [DRC MDRV-1] Multiple Driver Nets: Net b2/inactivity_counter[16] has multiple drivers: b2/inactivity_counter_reg[16]/Q, and b2/inactivity_counter_reg[16]__0/Q.
ERROR: [DRC MDRV-1] Multiple Driver Nets: Net b2/inactivity_counter[17] has multiple drivers: b2/inactivity_counter_reg[17]/Q, and b2/inactivity_counter_reg[17]__0/Q.
ERROR: [DRC MDRV-1] Multiple Driver Nets: Net b2/inactivity_counter[18] has multiple drivers: b2/inactivity_counter_reg[18]/Q, and b2/inactivity_counter_reg[18]__0/Q.
ERROR: [DRC MDRV-1] Multiple Driver Nets: Net b2/inactivity_counter[19] has multiple drivers: b2/inactivity_counter_reg[19]/Q, and b2/inactivity_counter_reg[19]__0/Q.
ERROR: [DRC MDRV-1] Multiple Driver Nets: Net b2/inactivity_counter[1] has multiple drivers: b2/inactivity_counter_reg[1]__0/Q, and b2/inactivity_counter_reg[1]/Q.
ERROR: [DRC MDRV-1] Multiple Driver Nets: Net b2/inactivity_counter[20] has multiple drivers: b2/inactivity_counter_reg[20]/Q, and b2/inactivity_counter_reg[20]__0/Q.
ERROR: [DRC MDRV-1] Multiple Driver Nets: Net b2/inactivity_counter[21] has multiple drivers: b2/inactivity_counter_reg[21]/Q, and b2/inactivity_counter_reg[21]__0/Q.
ERROR: [DRC MDRV-1] Multiple Driver Nets: Net b2/inactivity_counter[22] has multiple drivers: b2/inactivity_counter_reg[22]/Q, and b2/inactivity_counter_reg[22]__0/Q.
ERROR: [DRC MDRV-1] Multiple Driver Nets: Net b2/inactivity_counter[23] has multiple drivers: b2/inactivity_counter_reg[23]/Q, and b2/inactivity_counter_reg[23]__0/Q.
ERROR: [DRC MDRV-1] Multiple Driver Nets: Net b2/inactivity_counter[24] has multiple drivers: b2/inactivity_counter_reg[24]/Q, and b2/inactivity_counter_reg[24]__0/Q.
ERROR: [DRC MDRV-1] Multiple Driver Nets: Net b2/inactivity_counter[25] has multiple drivers: b2/inactivity_counter_reg[25]/Q, and b2/inactivity_counter_reg[25]__0/Q.
ERROR: [DRC MDRV-1] Multiple Driver Nets: Net b2/inactivity_counter[26] has multiple drivers: b2/inactivity_counter_reg[26]/Q, and b2/inactivity_counter_reg[26]__0/Q.
ERROR: [DRC MDRV-1] Multiple Driver Nets: Net b2/inactivity_counter[27] has multiple drivers: b2/inactivity_counter_reg[27]/Q, and b2/inactivity_counter_reg[27]__0/Q.
ERROR: [DRC MDRV-1] Multiple Driver Nets: Net b2/inactivity_counter[28] has multiple drivers: b2/inactivity_counter_reg[28]__0/Q, and b2/inactivity_counter_reg[28]/Q.
ERROR: [DRC MDRV-1] Multiple Driver Nets: Net b2/inactivity_counter[29] has multiple drivers: b2/inactivity_counter_reg[29]/Q, and b2/inactivity_counter_reg[29]__0/Q.
ERROR: [DRC MDRV-1] Multiple Driver Nets: Net b2/inactivity_counter[2] has multiple drivers: b2/inactivity_counter_reg[2]__0/Q, and b2/inactivity_counter_reg[2]/Q.
ERROR: [DRC MDRV-1] Multiple Driver Nets: Net b2/inactivity_counter[30] has multiple drivers: b2/inactivity_counter_reg[30]__0/Q, and b2/inactivity_counter_reg[30]/Q.
ERROR: [DRC MDRV-1] Multiple Driver Nets: Net b2/inactivity_counter[31] has multiple drivers: b2/inactivity_counter_reg[31]__0/Q, and b2/inactivity_counter_reg[31]/Q.
ERROR: [DRC MDRV-1] Multiple Driver Nets: Net b2/inactivity_counter[3] has multiple drivers: b2/inactivity_counter_reg[3]/Q, and b2/inactivity_counter_reg[3]__0/Q.
ERROR: [DRC MDRV-1] Multiple Driver Nets: Net b2/inactivity_counter[4] has multiple drivers: b2/inactivity_counter_reg[4]__0/Q, and b2/inactivity_counter_reg[4]/Q.
ERROR: [DRC MDRV-1] Multiple Driver Nets: Net b2/inactivity_counter[5] has multiple drivers: b2/inactivity_counter_reg[5]__0/Q, and b2/inactivity_counter_reg[5]/Q.
ERROR: [DRC MDRV-1] Multiple Driver Nets: Net b2/inactivity_counter[6] has multiple drivers: b2/inactivity_counter_reg[6]/Q, and b2/inactivity_counter_reg[6]__0/Q.
ERROR: [DRC MDRV-1] Multiple Driver Nets: Net b2/inactivity_counter[7] has multiple drivers: b2/inactivity_counter_reg[7]__0/Q, and b2/inactivity_counter_reg[7]/Q.
ERROR: [DRC MDRV-1] Multiple Driver Nets: Net b2/inactivity_counter[8] has multiple drivers: b2/inactivity_counter_reg[8]/Q, and b2/inactivity_counter_reg[8]__0/Q.
ERROR: [DRC MDRV-1] Multiple Driver Nets: Net b2/inactivity_counter[9] has multiple drivers: b2/inactivity_counter_reg[9]/Q, and b2/inactivity_counter_reg[9]__0/Q.
INFO: [Project 1-461] DRC finished with 43 Errors
INFO: [Project 1-462] Please refer to the DRC report (report_drc) for more information.
ERROR: [Vivado_Tcl 4-78] Error(s) found during DRC. Opt_design not run.

Time (s): cpu = 00:00:01 ; elapsed = 00:00:00.621 . Memory (MB): peak = 1208.477 ; gain = 28.684
INFO: [Common 17-83] Releasing license: Implementation
13 Infos, 0 Warnings, 0 Critical Warnings and 44 Errors encountered.
opt_design failed
ERROR: [Common 17-39] 'opt_design' failed due to earlier errors.

INFO: [Common 17-206] Exiting Vivado at Sat Dec  7 18:36:46 2024...
