
*** Running vivado
    with args -log top_module.vds -m64 -product Vivado -mode batch -messageDb vivado.pb -notrace -source top_module.tcl



****** Vivado v2024.1 (64-bit)
  **** SW Build 5076996 on Wed May 22 18:37:14 MDT 2024
  **** IP Build 5075265 on Wed May 22 21:45:21 MDT 2024
  **** SharedData Build 5076995 on Wed May 22 18:29:18 MDT 2024
  **** Start of session at: Sat Dec  7 18:35:15 2024
    ** Copyright 1986-2022 Xilinx, Inc. All Rights Reserved.
    ** Copyright 2022-2024 Advanced Micro Devices, Inc. All Rights Reserved.

source top_module.tcl -notrace
Command: read_checkpoint -auto_incremental -incremental X:/Desktop/morse_code_translator/Morse_Code_Decoder/Morse_Code_Decoder.srcs/utils_1/imports/synth_1/top_module.dcp
INFO: [Vivado 12-5825] Read reference checkpoint from X:/Desktop/morse_code_translator/Morse_Code_Decoder/Morse_Code_Decoder.srcs/utils_1/imports/synth_1/top_module.dcp for incremental synthesis
INFO: [Vivado 12-7989] Please ensure there are no constraint changes
Command: synth_design -top top_module -part xc7a100tcsg324-1
Starting synth_design
Attempting to get a license for feature 'Synthesis' and/or device 'xc7a100t'
INFO: [Common 17-349] Got license for feature 'Synthesis' and/or device 'xc7a100t'
INFO: [Device 21-403] Loading part xc7a100tcsg324-1
INFO: [Device 21-9227] Part: xc7a100tcsg324-1 does not have CEAM library.
INFO: [Designutils 20-5440] No compile time benefit to using incremental synthesis; A full resynthesis will be run
INFO: [Designutils 20-4379] Flow is switching to default flow due to incremental criteria not met. If you would like to alter this behaviour and have the flow terminate instead, please set the following parameter config_implementation {autoIncr.Synth.RejectBehavior Terminate}
INFO: [Synth 8-7079] Multithreading enabled for synth_design using a maximum of 2 processes.
INFO: [Synth 8-7078] Launching helper process for spawning children vivado processes
INFO: [Synth 8-7075] Helper process launched with PID 3908
---------------------------------------------------------------------------------
Starting RTL Elaboration : Time (s): cpu = 00:00:04 ; elapsed = 00:00:03 . Memory (MB): peak = 1499.406 ; gain = 449.785
---------------------------------------------------------------------------------
INFO: [Synth 8-11241] undeclared symbol 'button_clean', assumed default net type 'wire' [X:/Desktop/morse_code_translator/Morse_Code_Decoder/Morse_Code_Decoder.srcs/sources_1/new/top_module.v:58]
INFO: [Synth 8-6157] synthesizing module 'top_module' [X:/Desktop/morse_code_translator/Morse_Code_Decoder/Morse_Code_Decoder.srcs/sources_1/new/top_module.v:23]
INFO: [Synth 8-6157] synthesizing module 'clock_divider' [X:/Desktop/morse_code_translator/Morse_Code_Decoder/Morse_Code_Decoder.srcs/sources_1/new/clock_div.v:23]
INFO: [Synth 8-6155] done synthesizing module 'clock_divider' (0#1) [X:/Desktop/morse_code_translator/Morse_Code_Decoder/Morse_Code_Decoder.srcs/sources_1/new/clock_div.v:23]
INFO: [Synth 8-6157] synthesizing module 'debouncer' [X:/Desktop/morse_code_translator/Morse_Code_Decoder/Morse_Code_Decoder.srcs/sources_1/new/debouncer.v:23]
INFO: [Synth 8-6155] done synthesizing module 'debouncer' (0#1) [X:/Desktop/morse_code_translator/Morse_Code_Decoder/Morse_Code_Decoder.srcs/sources_1/new/debouncer.v:23]
INFO: [Synth 8-6157] synthesizing module 'button_to_morse' [X:/Desktop/morse_code_translator/Morse_Code_Decoder/Morse_Code_Decoder.srcs/sources_1/new/button_to_morse.v:23]
INFO: [Synth 8-155] case statement is not full and has no default [X:/Desktop/morse_code_translator/Morse_Code_Decoder/Morse_Code_Decoder.srcs/sources_1/new/button_to_morse.v:86]
INFO: [Synth 8-155] case statement is not full and has no default [X:/Desktop/morse_code_translator/Morse_Code_Decoder/Morse_Code_Decoder.srcs/sources_1/new/button_to_morse.v:95]
WARNING: [Synth 8-6090] variable 'letter_done' is written by both blocking and non-blocking assignments, entire logic could be removed [X:/Desktop/morse_code_translator/Morse_Code_Decoder/Morse_Code_Decoder.srcs/sources_1/new/button_to_morse.v:130]
WARNING: [Synth 8-6090] variable 'letter_done' is written by both blocking and non-blocking assignments, entire logic could be removed [X:/Desktop/morse_code_translator/Morse_Code_Decoder/Morse_Code_Decoder.srcs/sources_1/new/button_to_morse.v:137]
INFO: [Synth 8-155] case statement is not full and has no default [X:/Desktop/morse_code_translator/Morse_Code_Decoder/Morse_Code_Decoder.srcs/sources_1/new/button_to_morse.v:150]
INFO: [Synth 8-6155] done synthesizing module 'button_to_morse' (0#1) [X:/Desktop/morse_code_translator/Morse_Code_Decoder/Morse_Code_Decoder.srcs/sources_1/new/button_to_morse.v:23]
INFO: [Synth 8-6157] synthesizing module 'morse_decoder' [X:/Desktop/morse_code_translator/Morse_Code_Decoder/Morse_Code_Decoder.srcs/sources_1/new/morse_decoder.v:22]
INFO: [Synth 8-6155] done synthesizing module 'morse_decoder' (0#1) [X:/Desktop/morse_code_translator/Morse_Code_Decoder/Morse_Code_Decoder.srcs/sources_1/new/morse_decoder.v:22]
INFO: [Synth 8-6155] done synthesizing module 'top_module' (0#1) [X:/Desktop/morse_code_translator/Morse_Code_Decoder/Morse_Code_Decoder.srcs/sources_1/new/top_module.v:23]
---------------------------------------------------------------------------------
Finished RTL Elaboration : Time (s): cpu = 00:00:05 ; elapsed = 00:00:05 . Memory (MB): peak = 1613.023 ; gain = 563.402
---------------------------------------------------------------------------------
---------------------------------------------------------------------------------
Start Handling Custom Attributes
---------------------------------------------------------------------------------
---------------------------------------------------------------------------------
Finished Handling Custom Attributes : Time (s): cpu = 00:00:05 ; elapsed = 00:00:05 . Memory (MB): peak = 1613.023 ; gain = 563.402
---------------------------------------------------------------------------------
---------------------------------------------------------------------------------
Finished RTL Optimization Phase 1 : Time (s): cpu = 00:00:05 ; elapsed = 00:00:05 . Memory (MB): peak = 1613.023 ; gain = 563.402
---------------------------------------------------------------------------------
Netlist sorting complete. Time (s): cpu = 00:00:00 ; elapsed = 00:00:00.005 . Memory (MB): peak = 1613.023 ; gain = 0.000
INFO: [Project 1-570] Preparing netlist for logic optimization

Processing XDC Constraints
Initializing timing engine
Parsing XDC File [X:/Nexys4DDR_Master.xdc]
Finished Parsing XDC File [X:/Nexys4DDR_Master.xdc]
INFO: [Project 1-236] Implementation specific constraints were found while reading constraint file [X:/Nexys4DDR_Master.xdc]. These constraints will be ignored for synthesis but will be used in implementation. Impacted constraints are listed in the file [.Xil/top_module_propImpl.xdc].
Resolution: To avoid this warning, move constraints listed in [.Xil/top_module_propImpl.xdc] to another XDC file and exclude this new file from synthesis with the used_in_synthesis property (File Properties dialog in GUI) and re-run elaboration/synthesis.
Completed Processing XDC Constraints

Netlist sorting complete. Time (s): cpu = 00:00:00 ; elapsed = 00:00:00 . Memory (MB): peak = 1640.871 ; gain = 0.000
INFO: [Project 1-111] Unisim Transformation Summary:
No Unisim elements were transformed.

Constraint Validation Runtime : Time (s): cpu = 00:00:00 ; elapsed = 00:00:00.008 . Memory (MB): peak = 1640.871 ; gain = 0.000
INFO: [Designutils 20-5440] No compile time benefit to using incremental synthesis; A full resynthesis will be run
INFO: [Designutils 20-4379] Flow is switching to default flow due to incremental criteria not met. If you would like to alter this behaviour and have the flow terminate instead, please set the following parameter config_implementation {autoIncr.Synth.RejectBehavior Terminate}
---------------------------------------------------------------------------------
Finished Constraint Validation : Time (s): cpu = 00:00:09 ; elapsed = 00:00:11 . Memory (MB): peak = 1640.871 ; gain = 591.250
---------------------------------------------------------------------------------
---------------------------------------------------------------------------------
Start Loading Part and Timing Information
---------------------------------------------------------------------------------
Loading part: xc7a100tcsg324-1
---------------------------------------------------------------------------------
Finished Loading Part and Timing Information : Time (s): cpu = 00:00:09 ; elapsed = 00:00:11 . Memory (MB): peak = 1640.871 ; gain = 591.250
---------------------------------------------------------------------------------
---------------------------------------------------------------------------------
Start Applying 'set_property' XDC Constraints
---------------------------------------------------------------------------------
---------------------------------------------------------------------------------
Finished applying 'set_property' XDC Constraints : Time (s): cpu = 00:00:09 ; elapsed = 00:00:11 . Memory (MB): peak = 1640.871 ; gain = 591.250
---------------------------------------------------------------------------------
WARNING: [Synth 8-327] inferring latch for variable 'last_valid_char_reg' [X:/Desktop/morse_code_translator/Morse_Code_Decoder/Morse_Code_Decoder.srcs/sources_1/new/morse_decoder.v:45]
---------------------------------------------------------------------------------
Finished RTL Optimization Phase 2 : Time (s): cpu = 00:00:10 ; elapsed = 00:00:12 . Memory (MB): peak = 1640.871 ; gain = 591.250
---------------------------------------------------------------------------------
---------------------------------------------------------------------------------
Start RTL Component Statistics 
---------------------------------------------------------------------------------
Detailed RTL Component Info : 
+---Adders : 
	   2 Input   32 Bit       Adders := 2     
	   2 Input    3 Bit       Adders := 1     
+---Registers : 
	               32 Bit    Registers := 1     
	                2 Bit    Registers := 6     
	                1 Bit    Registers := 8     
+---Muxes : 
	   2 Input   32 Bit        Muxes := 1     
	   2 Input    8 Bit        Muxes := 7     
	   3 Input    8 Bit        Muxes := 2     
	   6 Input    7 Bit        Muxes := 1     
	   3 Input    7 Bit        Muxes := 4     
	   4 Input    7 Bit        Muxes := 2     
	   2 Input    7 Bit        Muxes := 8     
	   2 Input    6 Bit        Muxes := 1     
	   2 Input    2 Bit        Muxes := 1     
	   2 Input    1 Bit        Muxes := 18    
	   7 Input    1 Bit        Muxes := 11    
	   3 Input    1 Bit        Muxes := 2     
---------------------------------------------------------------------------------
Finished RTL Component Statistics 
---------------------------------------------------------------------------------
---------------------------------------------------------------------------------
Start Part Resource Summary
---------------------------------------------------------------------------------
Part Resources:
DSPs: 240 (col length:80)
BRAMs: 270 (col length: RAMB18 80 RAMB36 40)
---------------------------------------------------------------------------------
Finished Part Resource Summary
---------------------------------------------------------------------------------
---------------------------------------------------------------------------------
Start Cross Boundary and Area Optimization
---------------------------------------------------------------------------------
WARNING: [Synth 8-7080] Parallel synthesis criteria is not met
CRITICAL WARNING: [Synth 8-6859] multi-driven net on pin Q with 1st driver pin 'b2/morse_one_reg[1]/Q' [X:/Desktop/morse_code_translator/Morse_Code_Decoder/Morse_Code_Decoder.srcs/sources_1/new/button_to_morse.v:151]
CRITICAL WARNING: [Synth 8-6859] multi-driven net on pin Q with 2nd driver pin 'GND' [X:/Desktop/morse_code_translator/Morse_Code_Decoder/Morse_Code_Decoder.srcs/sources_1/new/button_to_morse.v:151]
CRITICAL WARNING: [Synth 8-6858] multi-driven net Q is connected to at least one constant driver which has been preserved, other driver is ignored [X:/Desktop/morse_code_translator/Morse_Code_Decoder/Morse_Code_Decoder.srcs/sources_1/new/button_to_morse.v:151]
CRITICAL WARNING: [Synth 8-6859] multi-driven net on pin Q with 1st driver pin 'b2/morse_one_reg[0]/Q' [X:/Desktop/morse_code_translator/Morse_Code_Decoder/Morse_Code_Decoder.srcs/sources_1/new/button_to_morse.v:151]
CRITICAL WARNING: [Synth 8-6859] multi-driven net on pin Q with 2nd driver pin 'GND' [X:/Desktop/morse_code_translator/Morse_Code_Decoder/Morse_Code_Decoder.srcs/sources_1/new/button_to_morse.v:151]
CRITICAL WARNING: [Synth 8-6858] multi-driven net Q is connected to at least one constant driver which has been preserved, other driver is ignored [X:/Desktop/morse_code_translator/Morse_Code_Decoder/Morse_Code_Decoder.srcs/sources_1/new/button_to_morse.v:151]
WARNING: [Synth 8-3332] Sequential element (m2/last_valid_char_reg[7]) is unused and will be removed from module top_module.
---------------------------------------------------------------------------------
Finished Cross Boundary and Area Optimization : Time (s): cpu = 00:00:12 ; elapsed = 00:00:15 . Memory (MB): peak = 1640.871 ; gain = 591.250
---------------------------------------------------------------------------------
---------------------------------------------------------------------------------
Start Applying XDC Timing Constraints
---------------------------------------------------------------------------------
---------------------------------------------------------------------------------
Finished Applying XDC Timing Constraints : Time (s): cpu = 00:00:15 ; elapsed = 00:00:19 . Memory (MB): peak = 1640.871 ; gain = 591.250
---------------------------------------------------------------------------------
---------------------------------------------------------------------------------
Start Timing Optimization
---------------------------------------------------------------------------------
---------------------------------------------------------------------------------
Finished Timing Optimization : Time (s): cpu = 00:00:15 ; elapsed = 00:00:19 . Memory (MB): peak = 1640.871 ; gain = 591.250
---------------------------------------------------------------------------------
---------------------------------------------------------------------------------
Start Technology Mapping
---------------------------------------------------------------------------------
---------------------------------------------------------------------------------
Finished Technology Mapping : Time (s): cpu = 00:00:15 ; elapsed = 00:00:19 . Memory (MB): peak = 1640.871 ; gain = 591.250
---------------------------------------------------------------------------------
---------------------------------------------------------------------------------
Start IO Insertion
---------------------------------------------------------------------------------
---------------------------------------------------------------------------------
Start Flattening Before IO Insertion
---------------------------------------------------------------------------------
---------------------------------------------------------------------------------
Finished Flattening Before IO Insertion
---------------------------------------------------------------------------------
---------------------------------------------------------------------------------
Start Final Netlist Cleanup
---------------------------------------------------------------------------------
---------------------------------------------------------------------------------
Finished Final Netlist Cleanup
---------------------------------------------------------------------------------
---------------------------------------------------------------------------------
Finished IO Insertion : Time (s): cpu = 00:00:18 ; elapsed = 00:00:22 . Memory (MB): peak = 1640.871 ; gain = 591.250
---------------------------------------------------------------------------------
---------------------------------------------------------------------------------
Start Renaming Generated Instances
---------------------------------------------------------------------------------
---------------------------------------------------------------------------------
Finished Renaming Generated Instances : Time (s): cpu = 00:00:18 ; elapsed = 00:00:22 . Memory (MB): peak = 1640.871 ; gain = 591.250
---------------------------------------------------------------------------------
CRITICAL WARNING: [Synth 8-6859] multi-driven net on pin morse_index_OBUF[2] with 1st driver pin 'b2/morse_index_reg[2]__0/Q' [X:/Desktop/morse_code_translator/Morse_Code_Decoder/Morse_Code_Decoder.srcs/sources_1/new/button_to_morse.v:60]
CRITICAL WARNING: [Synth 8-6859] multi-driven net on pin morse_index_OBUF[2] with 2nd driver pin 'b2/morse_index_reg[2]/Q' [X:/Desktop/morse_code_translator/Morse_Code_Decoder/Morse_Code_Decoder.srcs/sources_1/new/button_to_morse.v:165]
CRITICAL WARNING: [Synth 8-6859] multi-driven net on pin morse_index_OBUF[1] with 1st driver pin 'b2/morse_index_reg[1]__0/Q' [X:/Desktop/morse_code_translator/Morse_Code_Decoder/Morse_Code_Decoder.srcs/sources_1/new/button_to_morse.v:60]
CRITICAL WARNING: [Synth 8-6859] multi-driven net on pin morse_index_OBUF[1] with 2nd driver pin 'b2/morse_index_reg[1]/Q' [X:/Desktop/morse_code_translator/Morse_Code_Decoder/Morse_Code_Decoder.srcs/sources_1/new/button_to_morse.v:165]
CRITICAL WARNING: [Synth 8-6859] multi-driven net on pin morse_two[0] with 1st driver pin 'b2/morse_two_reg[0]/Q' [X:/Desktop/morse_code_translator/Morse_Code_Decoder/Morse_Code_Decoder.srcs/sources_1/new/button_to_morse.v:151]
CRITICAL WARNING: [Synth 8-6859] multi-driven net on pin morse_two[0] with 2nd driver pin 'b2/morse_two_reg[0]__0/Q' [X:/Desktop/morse_code_translator/Morse_Code_Decoder/Morse_Code_Decoder.srcs/sources_1/new/button_to_morse.v:61]
CRITICAL WARNING: [Synth 8-6859] multi-driven net on pin morse_two[1] with 1st driver pin 'b2/morse_two_reg[1]/Q' [X:/Desktop/morse_code_translator/Morse_Code_Decoder/Morse_Code_Decoder.srcs/sources_1/new/button_to_morse.v:151]
CRITICAL WARNING: [Synth 8-6859] multi-driven net on pin morse_two[1] with 2nd driver pin 'b2/morse_two_reg[1]__0/Q' [X:/Desktop/morse_code_translator/Morse_Code_Decoder/Morse_Code_Decoder.srcs/sources_1/new/button_to_morse.v:61]
CRITICAL WARNING: [Synth 8-6859] multi-driven net on pin morse_index_OBUF[0] with 1st driver pin 'b2/morse_index_reg[0]__0/Q' [X:/Desktop/morse_code_translator/Morse_Code_Decoder/Morse_Code_Decoder.srcs/sources_1/new/button_to_morse.v:60]
CRITICAL WARNING: [Synth 8-6859] multi-driven net on pin morse_index_OBUF[0] with 2nd driver pin 'b2/morse_index_reg[0]/Q' [X:/Desktop/morse_code_translator/Morse_Code_Decoder/Morse_Code_Decoder.srcs/sources_1/new/button_to_morse.v:165]
CRITICAL WARNING: [Synth 8-6859] multi-driven net on pin morse_three[0] with 1st driver pin 'b2/morse_three_reg[0]/Q' [X:/Desktop/morse_code_translator/Morse_Code_Decoder/Morse_Code_Decoder.srcs/sources_1/new/button_to_morse.v:151]
CRITICAL WARNING: [Synth 8-6859] multi-driven net on pin morse_three[0] with 2nd driver pin 'b2/morse_three_reg[0]__0/Q' [X:/Desktop/morse_code_translator/Morse_Code_Decoder/Morse_Code_Decoder.srcs/sources_1/new/button_to_morse.v:61]
CRITICAL WARNING: [Synth 8-6859] multi-driven net on pin morse_three[1] with 1st driver pin 'b2/morse_three_reg[1]/Q' [X:/Desktop/morse_code_translator/Morse_Code_Decoder/Morse_Code_Decoder.srcs/sources_1/new/button_to_morse.v:151]
CRITICAL WARNING: [Synth 8-6859] multi-driven net on pin morse_three[1] with 2nd driver pin 'b2/morse_three_reg[1]__0/Q' [X:/Desktop/morse_code_translator/Morse_Code_Decoder/Morse_Code_Decoder.srcs/sources_1/new/button_to_morse.v:61]
CRITICAL WARNING: [Synth 8-6859] multi-driven net on pin morse_four[1] with 1st driver pin 'b2/morse_four_reg[1]/Q' [X:/Desktop/morse_code_translator/Morse_Code_Decoder/Morse_Code_Decoder.srcs/sources_1/new/button_to_morse.v:151]
CRITICAL WARNING: [Synth 8-6859] multi-driven net on pin morse_four[1] with 2nd driver pin 'b2/morse_four_reg[1]__0/Q' [X:/Desktop/morse_code_translator/Morse_Code_Decoder/Morse_Code_Decoder.srcs/sources_1/new/button_to_morse.v:61]
CRITICAL WARNING: [Synth 8-6859] multi-driven net on pin morse_four[0] with 1st driver pin 'b2/morse_four_reg[0]/Q' [X:/Desktop/morse_code_translator/Morse_Code_Decoder/Morse_Code_Decoder.srcs/sources_1/new/button_to_morse.v:151]
CRITICAL WARNING: [Synth 8-6859] multi-driven net on pin morse_four[0] with 2nd driver pin 'b2/morse_four_reg[0]__0/Q' [X:/Desktop/morse_code_translator/Morse_Code_Decoder/Morse_Code_Decoder.srcs/sources_1/new/button_to_morse.v:61]
CRITICAL WARNING: [Synth 8-6859] multi-driven net on pin morse_five[1] with 1st driver pin 'b2/morse_five_reg[1]/Q' [X:/Desktop/morse_code_translator/Morse_Code_Decoder/Morse_Code_Decoder.srcs/sources_1/new/button_to_morse.v:151]
CRITICAL WARNING: [Synth 8-6859] multi-driven net on pin morse_five[1] with 2nd driver pin 'b2/morse_five_reg[1]__0/Q' [X:/Desktop/morse_code_translator/Morse_Code_Decoder/Morse_Code_Decoder.srcs/sources_1/new/button_to_morse.v:61]
CRITICAL WARNING: [Synth 8-6859] multi-driven net on pin morse_five[0] with 1st driver pin 'b2/morse_five_reg[0]/Q' [X:/Desktop/morse_code_translator/Morse_Code_Decoder/Morse_Code_Decoder.srcs/sources_1/new/button_to_morse.v:151]
CRITICAL WARNING: [Synth 8-6859] multi-driven net on pin morse_five[0] with 2nd driver pin 'b2/morse_five_reg[0]__0/Q' [X:/Desktop/morse_code_translator/Morse_Code_Decoder/Morse_Code_Decoder.srcs/sources_1/new/button_to_morse.v:61]
CRITICAL WARNING: [Synth 8-6859] multi-driven net on pin b2/inactivity_counter[31] with 1st driver pin 'b2/inactivity_counter_reg[31]__0/Q' [X:/Desktop/morse_code_translator/Morse_Code_Decoder/Morse_Code_Decoder.srcs/sources_1/new/button_to_morse.v:59]
CRITICAL WARNING: [Synth 8-6859] multi-driven net on pin b2/inactivity_counter[31] with 2nd driver pin 'b2/inactivity_counter_reg[31]/Q' [X:/Desktop/morse_code_translator/Morse_Code_Decoder/Morse_Code_Decoder.srcs/sources_1/new/button_to_morse.v:161]
CRITICAL WARNING: [Synth 8-6859] multi-driven net on pin b2/inactivity_counter[30] with 1st driver pin 'b2/inactivity_counter_reg[30]__0/Q' [X:/Desktop/morse_code_translator/Morse_Code_Decoder/Morse_Code_Decoder.srcs/sources_1/new/button_to_morse.v:59]
CRITICAL WARNING: [Synth 8-6859] multi-driven net on pin b2/inactivity_counter[30] with 2nd driver pin 'b2/inactivity_counter_reg[30]/Q' [X:/Desktop/morse_code_translator/Morse_Code_Decoder/Morse_Code_Decoder.srcs/sources_1/new/button_to_morse.v:161]
CRITICAL WARNING: [Synth 8-6859] multi-driven net on pin b2/inactivity_counter[29] with 1st driver pin 'b2/inactivity_counter_reg[29]__0/Q' [X:/Desktop/morse_code_translator/Morse_Code_Decoder/Morse_Code_Decoder.srcs/sources_1/new/button_to_morse.v:59]
CRITICAL WARNING: [Synth 8-6859] multi-driven net on pin b2/inactivity_counter[29] with 2nd driver pin 'b2/inactivity_counter_reg[29]/Q' [X:/Desktop/morse_code_translator/Morse_Code_Decoder/Morse_Code_Decoder.srcs/sources_1/new/button_to_morse.v:161]
CRITICAL WARNING: [Synth 8-6859] multi-driven net on pin b2/inactivity_counter[28] with 1st driver pin 'b2/inactivity_counter_reg[28]__0/Q' [X:/Desktop/morse_code_translator/Morse_Code_Decoder/Morse_Code_Decoder.srcs/sources_1/new/button_to_morse.v:59]
CRITICAL WARNING: [Synth 8-6859] multi-driven net on pin b2/inactivity_counter[28] with 2nd driver pin 'b2/inactivity_counter_reg[28]/Q' [X:/Desktop/morse_code_translator/Morse_Code_Decoder/Morse_Code_Decoder.srcs/sources_1/new/button_to_morse.v:161]
CRITICAL WARNING: [Synth 8-6859] multi-driven net on pin b2/inactivity_counter[27] with 1st driver pin 'b2/inactivity_counter_reg[27]__0/Q' [X:/Desktop/morse_code_translator/Morse_Code_Decoder/Morse_Code_Decoder.srcs/sources_1/new/button_to_morse.v:59]
CRITICAL WARNING: [Synth 8-6859] multi-driven net on pin b2/inactivity_counter[27] with 2nd driver pin 'b2/inactivity_counter_reg[27]/Q' [X:/Desktop/morse_code_translator/Morse_Code_Decoder/Morse_Code_Decoder.srcs/sources_1/new/button_to_morse.v:161]
CRITICAL WARNING: [Synth 8-6859] multi-driven net on pin b2/inactivity_counter[26] with 1st driver pin 'b2/inactivity_counter_reg[26]__0/Q' [X:/Desktop/morse_code_translator/Morse_Code_Decoder/Morse_Code_Decoder.srcs/sources_1/new/button_to_morse.v:59]
CRITICAL WARNING: [Synth 8-6859] multi-driven net on pin b2/inactivity_counter[26] with 2nd driver pin 'b2/inactivity_counter_reg[26]/Q' [X:/Desktop/morse_code_translator/Morse_Code_Decoder/Morse_Code_Decoder.srcs/sources_1/new/button_to_morse.v:161]
CRITICAL WARNING: [Synth 8-6859] multi-driven net on pin b2/inactivity_counter[25] with 1st driver pin 'b2/inactivity_counter_reg[25]__0/Q' [X:/Desktop/morse_code_translator/Morse_Code_Decoder/Morse_Code_Decoder.srcs/sources_1/new/button_to_morse.v:59]
CRITICAL WARNING: [Synth 8-6859] multi-driven net on pin b2/inactivity_counter[25] with 2nd driver pin 'b2/inactivity_counter_reg[25]/Q' [X:/Desktop/morse_code_translator/Morse_Code_Decoder/Morse_Code_Decoder.srcs/sources_1/new/button_to_morse.v:161]
CRITICAL WARNING: [Synth 8-6859] multi-driven net on pin b2/inactivity_counter[24] with 1st driver pin 'b2/inactivity_counter_reg[24]__0/Q' [X:/Desktop/morse_code_translator/Morse_Code_Decoder/Morse_Code_Decoder.srcs/sources_1/new/button_to_morse.v:59]
CRITICAL WARNING: [Synth 8-6859] multi-driven net on pin b2/inactivity_counter[24] with 2nd driver pin 'b2/inactivity_counter_reg[24]/Q' [X:/Desktop/morse_code_translator/Morse_Code_Decoder/Morse_Code_Decoder.srcs/sources_1/new/button_to_morse.v:161]
CRITICAL WARNING: [Synth 8-6859] multi-driven net on pin b2/inactivity_counter[23] with 1st driver pin 'b2/inactivity_counter_reg[23]__0/Q' [X:/Desktop/morse_code_translator/Morse_Code_Decoder/Morse_Code_Decoder.srcs/sources_1/new/button_to_morse.v:59]
CRITICAL WARNING: [Synth 8-6859] multi-driven net on pin b2/inactivity_counter[23] with 2nd driver pin 'b2/inactivity_counter_reg[23]/Q' [X:/Desktop/morse_code_translator/Morse_Code_Decoder/Morse_Code_Decoder.srcs/sources_1/new/button_to_morse.v:161]
CRITICAL WARNING: [Synth 8-6859] multi-driven net on pin b2/inactivity_counter[22] with 1st driver pin 'b2/inactivity_counter_reg[22]__0/Q' [X:/Desktop/morse_code_translator/Morse_Code_Decoder/Morse_Code_Decoder.srcs/sources_1/new/button_to_morse.v:59]
CRITICAL WARNING: [Synth 8-6859] multi-driven net on pin b2/inactivity_counter[22] with 2nd driver pin 'b2/inactivity_counter_reg[22]/Q' [X:/Desktop/morse_code_translator/Morse_Code_Decoder/Morse_Code_Decoder.srcs/sources_1/new/button_to_morse.v:161]
CRITICAL WARNING: [Synth 8-6859] multi-driven net on pin b2/inactivity_counter[21] with 1st driver pin 'b2/inactivity_counter_reg[21]__0/Q' [X:/Desktop/morse_code_translator/Morse_Code_Decoder/Morse_Code_Decoder.srcs/sources_1/new/button_to_morse.v:59]
CRITICAL WARNING: [Synth 8-6859] multi-driven net on pin b2/inactivity_counter[21] with 2nd driver pin 'b2/inactivity_counter_reg[21]/Q' [X:/Desktop/morse_code_translator/Morse_Code_Decoder/Morse_Code_Decoder.srcs/sources_1/new/button_to_morse.v:161]
CRITICAL WARNING: [Synth 8-6859] multi-driven net on pin b2/inactivity_counter[20] with 1st driver pin 'b2/inactivity_counter_reg[20]__0/Q' [X:/Desktop/morse_code_translator/Morse_Code_Decoder/Morse_Code_Decoder.srcs/sources_1/new/button_to_morse.v:59]
CRITICAL WARNING: [Synth 8-6859] multi-driven net on pin b2/inactivity_counter[20] with 2nd driver pin 'b2/inactivity_counter_reg[20]/Q' [X:/Desktop/morse_code_translator/Morse_Code_Decoder/Morse_Code_Decoder.srcs/sources_1/new/button_to_morse.v:161]
CRITICAL WARNING: [Synth 8-6859] multi-driven net on pin b2/inactivity_counter[19] with 1st driver pin 'b2/inactivity_counter_reg[19]__0/Q' [X:/Desktop/morse_code_translator/Morse_Code_Decoder/Morse_Code_Decoder.srcs/sources_1/new/button_to_morse.v:59]
CRITICAL WARNING: [Synth 8-6859] multi-driven net on pin b2/inactivity_counter[19] with 2nd driver pin 'b2/inactivity_counter_reg[19]/Q' [X:/Desktop/morse_code_translator/Morse_Code_Decoder/Morse_Code_Decoder.srcs/sources_1/new/button_to_morse.v:161]
CRITICAL WARNING: [Synth 8-6859] multi-driven net on pin b2/inactivity_counter[18] with 1st driver pin 'b2/inactivity_counter_reg[18]__0/Q' [X:/Desktop/morse_code_translator/Morse_Code_Decoder/Morse_Code_Decoder.srcs/sources_1/new/button_to_morse.v:59]
CRITICAL WARNING: [Synth 8-6859] multi-driven net on pin b2/inactivity_counter[18] with 2nd driver pin 'b2/inactivity_counter_reg[18]/Q' [X:/Desktop/morse_code_translator/Morse_Code_Decoder/Morse_Code_Decoder.srcs/sources_1/new/button_to_morse.v:161]
CRITICAL WARNING: [Synth 8-6859] multi-driven net on pin b2/inactivity_counter[17] with 1st driver pin 'b2/inactivity_counter_reg[17]__0/Q' [X:/Desktop/morse_code_translator/Morse_Code_Decoder/Morse_Code_Decoder.srcs/sources_1/new/button_to_morse.v:59]
CRITICAL WARNING: [Synth 8-6859] multi-driven net on pin b2/inactivity_counter[17] with 2nd driver pin 'b2/inactivity_counter_reg[17]/Q' [X:/Desktop/morse_code_translator/Morse_Code_Decoder/Morse_Code_Decoder.srcs/sources_1/new/button_to_morse.v:161]
CRITICAL WARNING: [Synth 8-6859] multi-driven net on pin b2/inactivity_counter[16] with 1st driver pin 'b2/inactivity_counter_reg[16]__0/Q' [X:/Desktop/morse_code_translator/Morse_Code_Decoder/Morse_Code_Decoder.srcs/sources_1/new/button_to_morse.v:59]
CRITICAL WARNING: [Synth 8-6859] multi-driven net on pin b2/inactivity_counter[16] with 2nd driver pin 'b2/inactivity_counter_reg[16]/Q' [X:/Desktop/morse_code_translator/Morse_Code_Decoder/Morse_Code_Decoder.srcs/sources_1/new/button_to_morse.v:161]
CRITICAL WARNING: [Synth 8-6859] multi-driven net on pin b2/inactivity_counter[15] with 1st driver pin 'b2/inactivity_counter_reg[15]__0/Q' [X:/Desktop/morse_code_translator/Morse_Code_Decoder/Morse_Code_Decoder.srcs/sources_1/new/button_to_morse.v:59]
CRITICAL WARNING: [Synth 8-6859] multi-driven net on pin b2/inactivity_counter[15] with 2nd driver pin 'b2/inactivity_counter_reg[15]/Q' [X:/Desktop/morse_code_translator/Morse_Code_Decoder/Morse_Code_Decoder.srcs/sources_1/new/button_to_morse.v:161]
CRITICAL WARNING: [Synth 8-6859] multi-driven net on pin b2/inactivity_counter[14] with 1st driver pin 'b2/inactivity_counter_reg[14]__0/Q' [X:/Desktop/morse_code_translator/Morse_Code_Decoder/Morse_Code_Decoder.srcs/sources_1/new/button_to_morse.v:59]
CRITICAL WARNING: [Synth 8-6859] multi-driven net on pin b2/inactivity_counter[14] with 2nd driver pin 'b2/inactivity_counter_reg[14]/Q' [X:/Desktop/morse_code_translator/Morse_Code_Decoder/Morse_Code_Decoder.srcs/sources_1/new/button_to_morse.v:161]
CRITICAL WARNING: [Synth 8-6859] multi-driven net on pin b2/inactivity_counter[13] with 1st driver pin 'b2/inactivity_counter_reg[13]__0/Q' [X:/Desktop/morse_code_translator/Morse_Code_Decoder/Morse_Code_Decoder.srcs/sources_1/new/button_to_morse.v:59]
CRITICAL WARNING: [Synth 8-6859] multi-driven net on pin b2/inactivity_counter[13] with 2nd driver pin 'b2/inactivity_counter_reg[13]/Q' [X:/Desktop/morse_code_translator/Morse_Code_Decoder/Morse_Code_Decoder.srcs/sources_1/new/button_to_morse.v:161]
CRITICAL WARNING: [Synth 8-6859] multi-driven net on pin b2/inactivity_counter[12] with 1st driver pin 'b2/inactivity_counter_reg[12]__0/Q' [X:/Desktop/morse_code_translator/Morse_Code_Decoder/Morse_Code_Decoder.srcs/sources_1/new/button_to_morse.v:59]
CRITICAL WARNING: [Synth 8-6859] multi-driven net on pin b2/inactivity_counter[12] with 2nd driver pin 'b2/inactivity_counter_reg[12]/Q' [X:/Desktop/morse_code_translator/Morse_Code_Decoder/Morse_Code_Decoder.srcs/sources_1/new/button_to_morse.v:161]
CRITICAL WARNING: [Synth 8-6859] multi-driven net on pin b2/inactivity_counter[11] with 1st driver pin 'b2/inactivity_counter_reg[11]__0/Q' [X:/Desktop/morse_code_translator/Morse_Code_Decoder/Morse_Code_Decoder.srcs/sources_1/new/button_to_morse.v:59]
CRITICAL WARNING: [Synth 8-6859] multi-driven net on pin b2/inactivity_counter[11] with 2nd driver pin 'b2/inactivity_counter_reg[11]/Q' [X:/Desktop/morse_code_translator/Morse_Code_Decoder/Morse_Code_Decoder.srcs/sources_1/new/button_to_morse.v:161]
CRITICAL WARNING: [Synth 8-6859] multi-driven net on pin b2/inactivity_counter[10] with 1st driver pin 'b2/inactivity_counter_reg[10]__0/Q' [X:/Desktop/morse_code_translator/Morse_Code_Decoder/Morse_Code_Decoder.srcs/sources_1/new/button_to_morse.v:59]
CRITICAL WARNING: [Synth 8-6859] multi-driven net on pin b2/inactivity_counter[10] with 2nd driver pin 'b2/inactivity_counter_reg[10]/Q' [X:/Desktop/morse_code_translator/Morse_Code_Decoder/Morse_Code_Decoder.srcs/sources_1/new/button_to_morse.v:161]
CRITICAL WARNING: [Synth 8-6859] multi-driven net on pin b2/inactivity_counter[9] with 1st driver pin 'b2/inactivity_counter_reg[9]__0/Q' [X:/Desktop/morse_code_translator/Morse_Code_Decoder/Morse_Code_Decoder.srcs/sources_1/new/button_to_morse.v:59]
CRITICAL WARNING: [Synth 8-6859] multi-driven net on pin b2/inactivity_counter[9] with 2nd driver pin 'b2/inactivity_counter_reg[9]/Q' [X:/Desktop/morse_code_translator/Morse_Code_Decoder/Morse_Code_Decoder.srcs/sources_1/new/button_to_morse.v:161]
CRITICAL WARNING: [Synth 8-6859] multi-driven net on pin b2/inactivity_counter[8] with 1st driver pin 'b2/inactivity_counter_reg[8]__0/Q' [X:/Desktop/morse_code_translator/Morse_Code_Decoder/Morse_Code_Decoder.srcs/sources_1/new/button_to_morse.v:59]
CRITICAL WARNING: [Synth 8-6859] multi-driven net on pin b2/inactivity_counter[8] with 2nd driver pin 'b2/inactivity_counter_reg[8]/Q' [X:/Desktop/morse_code_translator/Morse_Code_Decoder/Morse_Code_Decoder.srcs/sources_1/new/button_to_morse.v:161]
CRITICAL WARNING: [Synth 8-6859] multi-driven net on pin b2/inactivity_counter[7] with 1st driver pin 'b2/inactivity_counter_reg[7]__0/Q' [X:/Desktop/morse_code_translator/Morse_Code_Decoder/Morse_Code_Decoder.srcs/sources_1/new/button_to_morse.v:59]
CRITICAL WARNING: [Synth 8-6859] multi-driven net on pin b2/inactivity_counter[7] with 2nd driver pin 'b2/inactivity_counter_reg[7]/Q' [X:/Desktop/morse_code_translator/Morse_Code_Decoder/Morse_Code_Decoder.srcs/sources_1/new/button_to_morse.v:161]
CRITICAL WARNING: [Synth 8-6859] multi-driven net on pin b2/inactivity_counter[6] with 1st driver pin 'b2/inactivity_counter_reg[6]__0/Q' [X:/Desktop/morse_code_translator/Morse_Code_Decoder/Morse_Code_Decoder.srcs/sources_1/new/button_to_morse.v:59]
CRITICAL WARNING: [Synth 8-6859] multi-driven net on pin b2/inactivity_counter[6] with 2nd driver pin 'b2/inactivity_counter_reg[6]/Q' [X:/Desktop/morse_code_translator/Morse_Code_Decoder/Morse_Code_Decoder.srcs/sources_1/new/button_to_morse.v:161]
CRITICAL WARNING: [Synth 8-6859] multi-driven net on pin b2/inactivity_counter[5] with 1st driver pin 'b2/inactivity_counter_reg[5]__0/Q' [X:/Desktop/morse_code_translator/Morse_Code_Decoder/Morse_Code_Decoder.srcs/sources_1/new/button_to_morse.v:59]
CRITICAL WARNING: [Synth 8-6859] multi-driven net on pin b2/inactivity_counter[5] with 2nd driver pin 'b2/inactivity_counter_reg[5]/Q' [X:/Desktop/morse_code_translator/Morse_Code_Decoder/Morse_Code_Decoder.srcs/sources_1/new/button_to_morse.v:161]
CRITICAL WARNING: [Synth 8-6859] multi-driven net on pin b2/inactivity_counter[4] with 1st driver pin 'b2/inactivity_counter_reg[4]__0/Q' [X:/Desktop/morse_code_translator/Morse_Code_Decoder/Morse_Code_Decoder.srcs/sources_1/new/button_to_morse.v:59]
CRITICAL WARNING: [Synth 8-6859] multi-driven net on pin b2/inactivity_counter[4] with 2nd driver pin 'b2/inactivity_counter_reg[4]/Q' [X:/Desktop/morse_code_translator/Morse_Code_Decoder/Morse_Code_Decoder.srcs/sources_1/new/button_to_morse.v:161]
CRITICAL WARNING: [Synth 8-6859] multi-driven net on pin b2/inactivity_counter[3] with 1st driver pin 'b2/inactivity_counter_reg[3]__0/Q' [X:/Desktop/morse_code_translator/Morse_Code_Decoder/Morse_Code_Decoder.srcs/sources_1/new/button_to_morse.v:59]
CRITICAL WARNING: [Synth 8-6859] multi-driven net on pin b2/inactivity_counter[3] with 2nd driver pin 'b2/inactivity_counter_reg[3]/Q' [X:/Desktop/morse_code_translator/Morse_Code_Decoder/Morse_Code_Decoder.srcs/sources_1/new/button_to_morse.v:161]
CRITICAL WARNING: [Synth 8-6859] multi-driven net on pin b2/inactivity_counter[2] with 1st driver pin 'b2/inactivity_counter_reg[2]__0/Q' [X:/Desktop/morse_code_translator/Morse_Code_Decoder/Morse_Code_Decoder.srcs/sources_1/new/button_to_morse.v:59]
CRITICAL WARNING: [Synth 8-6859] multi-driven net on pin b2/inactivity_counter[2] with 2nd driver pin 'b2/inactivity_counter_reg[2]/Q' [X:/Desktop/morse_code_translator/Morse_Code_Decoder/Morse_Code_Decoder.srcs/sources_1/new/button_to_morse.v:161]
CRITICAL WARNING: [Synth 8-6859] multi-driven net on pin b2/inactivity_counter[1] with 1st driver pin 'b2/inactivity_counter_reg[1]__0/Q' [X:/Desktop/morse_code_translator/Morse_Code_Decoder/Morse_Code_Decoder.srcs/sources_1/new/button_to_morse.v:59]
CRITICAL WARNING: [Synth 8-6859] multi-driven net on pin b2/inactivity_counter[1] with 2nd driver pin 'b2/inactivity_counter_reg[1]/Q' [X:/Desktop/morse_code_translator/Morse_Code_Decoder/Morse_Code_Decoder.srcs/sources_1/new/button_to_morse.v:161]
CRITICAL WARNING: [Synth 8-6859] multi-driven net on pin b2/inactivity_counter[0] with 1st driver pin 'b2/inactivity_counter_reg[0]__0/Q' [X:/Desktop/morse_code_translator/Morse_Code_Decoder/Morse_Code_Decoder.srcs/sources_1/new/button_to_morse.v:59]
CRITICAL WARNING: [Synth 8-6859] multi-driven net on pin b2/inactivity_counter[0] with 2nd driver pin 'b2/inactivity_counter_reg[0]/Q' [X:/Desktop/morse_code_translator/Morse_Code_Decoder/Morse_Code_Decoder.srcs/sources_1/new/button_to_morse.v:161]

Report Check Netlist: 
+------+------------------+-------+---------+-------+------------------+
|      |Item              |Errors |Warnings |Status |Description       |
+------+------------------+-------+---------+-------+------------------+
|1     |multi_driven_nets |      0|       43|Failed |Multi driven nets |
+------+------------------+-------+---------+-------+------------------+
---------------------------------------------------------------------------------
Start Rebuilding User Hierarchy
---------------------------------------------------------------------------------
---------------------------------------------------------------------------------
Finished Rebuilding User Hierarchy : Time (s): cpu = 00:00:18 ; elapsed = 00:00:22 . Memory (MB): peak = 1640.871 ; gain = 591.250
---------------------------------------------------------------------------------
---------------------------------------------------------------------------------
Start Renaming Generated Ports
---------------------------------------------------------------------------------
---------------------------------------------------------------------------------
Finished Renaming Generated Ports : Time (s): cpu = 00:00:18 ; elapsed = 00:00:22 . Memory (MB): peak = 1640.871 ; gain = 591.250
---------------------------------------------------------------------------------
---------------------------------------------------------------------------------
Start Handling Custom Attributes
---------------------------------------------------------------------------------
---------------------------------------------------------------------------------
Finished Handling Custom Attributes : Time (s): cpu = 00:00:18 ; elapsed = 00:00:22 . Memory (MB): peak = 1640.871 ; gain = 591.250
---------------------------------------------------------------------------------
---------------------------------------------------------------------------------
Start Renaming Generated Nets
---------------------------------------------------------------------------------
---------------------------------------------------------------------------------
Finished Renaming Generated Nets : Time (s): cpu = 00:00:18 ; elapsed = 00:00:22 . Memory (MB): peak = 1640.871 ; gain = 591.250
---------------------------------------------------------------------------------
---------------------------------------------------------------------------------
Start Writing Synthesis Report
---------------------------------------------------------------------------------

Report BlackBoxes: 
+-+--------------+----------+
| |BlackBox name |Instances |
+-+--------------+----------+
+-+--------------+----------+

Report Cell Usage: 
+------+-------+------+
|      |Cell   |Count |
+------+-------+------+
|1     |BUFG   |     3|
|2     |CARRY4 |    29|
|3     |LUT1   |     2|
|4     |LUT2   |    76|
|5     |LUT3   |    20|
|6     |LUT4   |    23|
|7     |LUT5   |    42|
|8     |LUT6   |    29|
|9     |FDCE   |   121|
|10    |FDRE   |    65|
|11    |LD     |     7|
|12    |IBUF   |     4|
|13    |OBUF   |    12|
+------+-------+------+
---------------------------------------------------------------------------------
Finished Writing Synthesis Report : Time (s): cpu = 00:00:18 ; elapsed = 00:00:22 . Memory (MB): peak = 1640.871 ; gain = 591.250
---------------------------------------------------------------------------------
Synthesis finished with 0 errors, 92 critical warnings and 3 warnings.
Synthesis Optimization Runtime : Time (s): cpu = 00:00:12 ; elapsed = 00:00:21 . Memory (MB): peak = 1640.871 ; gain = 563.402
Synthesis Optimization Complete : Time (s): cpu = 00:00:18 ; elapsed = 00:00:22 . Memory (MB): peak = 1640.871 ; gain = 591.250
INFO: [Project 1-571] Translating synthesized netlist
Netlist sorting complete. Time (s): cpu = 00:00:00 ; elapsed = 00:00:00.005 . Memory (MB): peak = 1640.871 ; gain = 0.000
INFO: [Netlist 29-17] Analyzing 36 Unisim elements for replacement
INFO: [Netlist 29-28] Unisim Transformation completed in 0 CPU seconds
INFO: [Project 1-570] Preparing netlist for logic optimization
INFO: [Opt 31-138] Pushed 0 inverter(s) to 0 load pin(s).
Netlist sorting complete. Time (s): cpu = 00:00:00 ; elapsed = 00:00:00 . Memory (MB): peak = 1640.871 ; gain = 0.000
INFO: [Project 1-111] Unisim Transformation Summary:
  A total of 7 instances were transformed.
  LD => LDCE: 7 instances

Synth Design complete | Checksum: c4628b29
INFO: [Common 17-83] Releasing license: Synthesis
36 Infos, 5 Warnings, 92 Critical Warnings and 0 Errors encountered.
synth_design completed successfully
synth_design: Time (s): cpu = 00:00:22 ; elapsed = 00:00:27 . Memory (MB): peak = 1640.871 ; gain = 1006.680
INFO: [runtcl-6] Synthesis results are not added to the cache due to CRITICAL_WARNING
Write ShapeDB Complete: Time (s): cpu = 00:00:00 ; elapsed = 00:00:00.008 . Memory (MB): peak = 1640.871 ; gain = 0.000
INFO: [Common 17-1381] The checkpoint 'X:/Desktop/morse_code_translator/Morse_Code_Decoder/Morse_Code_Decoder.runs/synth_1/top_module.dcp' has been generated.
INFO: [Vivado 12-24828] Executing command : report_utilization -file top_module_utilization_synth.rpt -pb top_module_utilization_synth.pb
INFO: [Common 17-206] Exiting Vivado at Sat Dec  7 18:35:52 2024...
